c:\rackafxprojects\echoplexplugin\rafx2 winbuild\build\vc142.pdb
c:\rackafxprojects\echoplexplugin\rafx2 winbuild\build\vc142.idb
c:\rackafxprojects\echoplexplugin\rafx2 winbuild\build\vstgui_uidescription_win32.obj
c:\rackafxprojects\echoplexplugin\rafx2 winbuild\build\vstgui_win32.obj
c:\rackafxprojects\echoplexplugin\rafx2 winbuild\build\customcontrols.obj
c:\rackafxprojects\echoplexplugin\rafx2 winbuild\build\customviews.obj
c:\rackafxprojects\echoplexplugin\rafx2 winbuild\build\pluginbase.obj
c:\rackafxprojects\echoplexplugin\rafx2 winbuild\build\plugincore.obj
c:\rackafxprojects\echoplexplugin\rafx2 winbuild\build\plugingui.obj
c:\rackafxprojects\echoplexplugin\rafx2 winbuild\build\pluginparameter.obj
c:\rackafxprojects\echoplexplugin\rafx2 winbuild\build\fxobjects.obj
c:\rackafxprojects\echoplexplugin\rafx2 winbuild\build\rackafxdll.obj
c:\rackafxprojects\echoplexplugin\rafx2 winbuild\build\rafx2plugin.obj
c:\rackafxprojects\echoplexplugin\rafx2 winbuild\build\rafx2pluginbase.obj
c:\rackafxprojects\echoplexplugin\rafx2 winbuild\build\pluginguimain.res
c:\users\spg77\appdata\roaming\rackafx 7.0\plugins\echoplexplugin.rafx2
c:\rackafxprojects\echoplexplugin\rafx2 winbuild\build\echoplexplugin.tlog\cl.command.1.tlog
c:\rackafxprojects\echoplexplugin\rafx2 winbuild\build\echoplexplugin.tlog\cl.read.1.tlog
c:\rackafxprojects\echoplexplugin\rafx2 winbuild\build\echoplexplugin.tlog\cl.write.1.tlog
c:\rackafxprojects\echoplexplugin\rafx2 winbuild\build\echoplexplugin.tlog\link.command.1.tlog
c:\rackafxprojects\echoplexplugin\rafx2 winbuild\build\echoplexplugin.tlog\link.read.1.tlog
c:\rackafxprojects\echoplexplugin\rafx2 winbuild\build\echoplexplugin.tlog\rc.command.1.tlog
c:\rackafxprojects\echoplexplugin\rafx2 winbuild\build\echoplexplugin.tlog\rc.read.1.tlog
c:\rackafxprojects\echoplexplugin\rafx2 winbuild\build\echoplexplugin.tlog\rc.write.1.tlog
